<?xml version="1.0" encoding="UTF-8"?>
<!-- Generated by org.testng.reporters.JUnitReportReporter -->
<testsuite hostname="azeunseqas006" failures="0" tests="1" name="tests.LoginTest" time="6.698" errors="0" timestamp="2025-10-03T06:49:24 UTC" skipped="0">
  <testcase classname="tests.LoginTest" name="Login" time="6.698"/>
</testsuite> <!-- tests.LoginTest -->
